---------------------------------------------------------------
[ 2018-08-17T00:06:43+08:00 ] 127.0.0.1 GET /login/login?code=023de3lg2vmxoB03mEjg2xSflg2de3l9
[ info ] old_island.com/login/login?code=023de3lg2vmxoB03mEjg2xSflg2de3l9 [运行时间：0.833411s][吞吐率：1.20req/s] [内存消耗：2,150.63kb] [文件加载：53]
[ info ] [ LANG ] D:\code_dir\old_island\thinkphp\lang\zh-cn.php
[ info ] [ ROUTE ] array (
  'type' => 'module',
  'module' => 
  array (
    0 => 'index',
    1 => 'login',
    2 => 'login',
  ),
  'convert' => false,
)
[ info ] [ HEADER ] array (
  'accept-encoding' => 'gzip, deflate',
  'referer' => 'https://servicewechat.com/wxa15cafd3feadd6e2/devtools/page-frame.html',
  'accept' => '*/*',
  'content-type' => 'application/json',
  'user-agent' => 'wechatdevtools appservice port/54857',
  'cache-control' => 'no-cache',
  'pragma' => 'no-cache',
  'connection' => 'close',
  'host' => 'old_island.com',
)
[ info ] [ PARAM ] array (
  '/login/login' => '',
  'code' => '023de3lg2vmxoB03mEjg2xSflg2de3l9',
)
[ info ] [ RUN ] app\index\controller\Login->Login[ D:\code_dir\old_island\application\index\controller\Login.php ]
[ info ] [ DB ] INIT mysql
[ info ] [ CACHE ] INIT File
[ info ] [ LOG ] INIT File
[ sql ] [ DB ] CONNECT:[ UseTime:0.001633s ] mysql:host=127.0.0.1;port=3306;dbname=old_island;charset=utf8
[ sql ] [ SQL ] SHOW COLUMNS FROM `user` [ RunTime:0.045562s ]
[ sql ] [ SQL ] SELECT * FROM `user` WHERE  `openid` = 'ojV8R0ag4h9LyCwNVP3-7CSm-2Ao' LIMIT 1 [ RunTime:0.001010s ]
---------------------------------------------------------------
[ 2018-08-17T00:13:10+08:00 ] 127.0.0.1 GET /book/hot_list?token=616c87f7cba4d12416b27ed3b2acd4d1
[ info ] old_island.com/book/hot_list?token=616c87f7cba4d12416b27ed3b2acd4d1 [运行时间：0.342653s][吞吐率：2.92req/s] [内存消耗：2,107.12kb] [文件加载：49]
[ info ] [ LANG ] D:\code_dir\old_island\thinkphp\lang\zh-cn.php
[ info ] [ ROUTE ] array (
  'type' => 'module',
  'module' => 
  array (
    0 => 'index',
    1 => 'book',
    2 => 'hotList',
  ),
  'convert' => false,
)
[ info ] [ HEADER ] array (
  'connection' => 'close',
  'accept-encoding' => 'gzip, deflate',
  'host' => 'old_island.com',
  'accept' => '*/*',
  'user-agent' => 'PostmanRuntime/7.2.0',
  'postman-token' => '59dccf0d-fa74-4d77-8546-5fab445a5b9b',
  'cache-control' => 'no-cache',
)
[ info ] [ PARAM ] array (
  '/book/hot_list' => '',
  'token' => '616c87f7cba4d12416b27ed3b2acd4d1',
)
[ info ] [ CACHE ] INIT File
[ info ] [ DB ] INIT mysql
[ info ] [ RUN ] app\index\controller\Book->hotList[ D:\code_dir\old_island\application\index\controller\Book.php ]
[ info ] [ LOG ] INIT File
[ sql ] [ DB ] CONNECT:[ UseTime:0.001607s ] mysql:host=127.0.0.1;port=3306;dbname=old_island;charset=utf8
[ sql ] [ SQL ] SHOW COLUMNS FROM `user` [ RunTime:0.065301s ]
[ sql ] [ SQL ] SELECT * FROM `user` WHERE  `id` = 1 LIMIT 1 [ RunTime:0.000584s ]
---------------------------------------------------------------
[ 2018-08-17T00:22:48+08:00 ] 127.0.0.1 GET /book/hot_list?token=616c87f7cba4d12416b27ed3b2acd4d1
[ info ] old_island.com/book/hot_list?token=616c87f7cba4d12416b27ed3b2acd4d1 [运行时间：0.086566s][吞吐率：11.55req/s] [内存消耗：1,887.04kb] [文件加载：48]
[ info ] [ LANG ] D:\code_dir\old_island\thinkphp\lang\zh-cn.php
[ info ] [ ROUTE ] array (
  'type' => 'module',
  'module' => 
  array (
    0 => 'index',
    1 => 'book',
    2 => 'hotList',
  ),
  'convert' => false,
)
[ info ] [ HEADER ] array (
  'connection' => 'close',
  'accept-encoding' => 'gzip, deflate',
  'host' => 'old_island.com',
  'accept' => '*/*',
  'user-agent' => 'PostmanRuntime/7.2.0',
  'postman-token' => '0b8391eb-0a10-4c0d-9d6e-d9f9f07aef72',
  'cache-control' => 'no-cache',
)
[ info ] [ PARAM ] array (
  '/book/hot_list' => '',
  'token' => '616c87f7cba4d12416b27ed3b2acd4d1',
)
[ info ] [ CACHE ] INIT File
[ info ] [ DB ] INIT mysql
[ info ] [ RUN ] app\index\controller\Book->hotList[ D:\code_dir\old_island\application\index\controller\Book.php ]
[ sql ] [ DB ] CONNECT:[ UseTime:0.002198s ] mysql:host=127.0.0.1;port=3306;dbname=old_island;charset=utf8
[ sql ] [ SQL ] SHOW COLUMNS FROM `user` [ RunTime:0.034614s ]
[ sql ] [ SQL ] SELECT * FROM `user` WHERE  `id` = 1 LIMIT 1 [ RunTime:0.000709s ]
[ error ] array (
  'nam' => 123,
)
